This file contains any messages produced by compilers while
running configure, to aid debugging if configure makes a mistake.

It was created by configure, which was
generated by GNU Autoconf 2.61.  Invocation command line was

  $ ./configure --silent CC= LD= AR= CFLAGS=

## --------- ##
## Platform. ##
## --------- ##

hostname = localhost.localdomain
uname -m = x86_64
uname -r = 2.6.32-220.17.1.el6.x86_64
uname -s = Linux
uname -v = #1 SMP Wed May 16 00:01:37 BST 2012

/usr/bin/uname -p = unknown
/bin/uname -X     = unknown

/bin/arch              = x86_64
/usr/bin/arch -k       = unknown
/usr/convex/getsysinfo = unknown
/usr/bin/hostinfo      = unknown
/bin/machine           = unknown
/usr/bin/oslevel       = unknown
/bin/universe          = unknown

PATH: /sbin
PATH: /bin
PATH: /usr/sbin
PATH: /usr/bin


## ----------- ##
## Core tests. ##
## ----------- ##

configure:1767: checking build system type
configure:1785: result: x86_64-unknown-linux-gnu
configure:1807: checking host system type
configure:1822: result: x86_64-unknown-linux-gnu
configure:1903: checking for gcc
configure:1919: found /usr/bin/gcc
configure:1930: result: gcc
configure:2168: checking for C compiler version
configure:2175: gcc --version >&5
gcc (GCC) 4.4.6 20110731 (Red Hat 4.4.6-3)
Copyright (C) 2010 Free Software Foundation, Inc.
This is free software; see the source for copying conditions.  There is NO
warranty; not even for MERCHANTABILITY or FITNESS FOR A PARTICULAR PURPOSE.

configure:2178: $? = 0
configure:2185: gcc -v >&5
Using built-in specs.
Target: x86_64-redhat-linux
Configured with: ../configure --prefix=/usr --mandir=/usr/share/man --infodir=/usr/share/info --with-bugurl=http://bugzilla.redhat.com/bugzilla --enable-bootstrap --enable-shared --enable-threads=posix --enable-checking=release --with-system-zlib --enable-__cxa_atexit --disable-libunwind-exceptions --enable-gnu-unique-object --enable-languages=c,c++,objc,obj-c++,java,fortran,ada --enable-java-awt=gtk --disable-dssi --with-java-home=/usr/lib/jvm/java-1.5.0-gcj-1.5.0.0/jre --enable-libgcj-multifile --enable-java-maintainer-mode --with-ecj-jar=/usr/share/java/eclipse-ecj.jar --disable-libjava-multilib --with-ppl --with-cloog --with-tune=generic --with-arch_32=i686 --build=x86_64-redhat-linux
Thread model: posix
gcc version 4.4.6 20110731 (Red Hat 4.4.6-3) (GCC) 
configure:2188: $? = 0
configure:2195: gcc -V >&5
gcc: '-V' option must have argument
configure:2198: $? = 1
configure:2221: checking for C compiler default output file name
configure:2248: gcc    conftest.c  >&5
configure:2251: $? = 0
configure:2289: result: a.out
configure:2306: checking whether the C compiler works
configure:2316: ./a.out
configure:2319: $? = 0
configure:2336: result: yes
configure:2343: checking whether we are cross compiling
configure:2345: result: no
configure:2348: checking for suffix of executables
configure:2355: gcc -o conftest    conftest.c  >&5
configure:2358: $? = 0
configure:2382: result: 
configure:2388: checking for suffix of object files
configure:2414: gcc -c   conftest.c >&5
configure:2417: $? = 0
configure:2440: result: o
configure:2444: checking whether we are using the GNU C compiler
configure:2473: gcc -c   conftest.c >&5
configure:2479: $? = 0
configure:2496: result: yes
configure:2501: checking whether gcc accepts -g
configure:2531: gcc -c -g  conftest.c >&5
configure:2537: $? = 0
configure:2636: result: yes
configure:2653: checking for gcc option to accept ISO C89
configure:2727: gcc  -c   conftest.c >&5
configure:2733: $? = 0
configure:2756: result: none needed
configure:2774: checking for GNU make
configure:2793: result: make
configure:2839: checking for asprintf
configure:2895: gcc -o conftest    conftest.c  >&5
configure:2901: $? = 0
configure:2919: result: yes
configure:2839: checking for getloadavg
configure:2895: gcc -o conftest    conftest.c  >&5
configure:2901: $? = 0
configure:2919: result: yes
configure:2839: checking for setenv
configure:2895: gcc -o conftest    conftest.c  >&5
configure:2901: $? = 0
configure:2919: result: yes
configure:2839: checking for strcasestr
configure:2895: gcc -o conftest    conftest.c  >&5
configure:2901: $? = 0
configure:2919: result: yes
configure:2839: checking for strndup
configure:2895: gcc -o conftest    conftest.c  >&5
conftest.c:35: warning: conflicting types for built-in function 'strndup'
configure:2901: $? = 0
configure:2919: result: yes
configure:2839: checking for strnlen
configure:2895: gcc -o conftest    conftest.c  >&5
configure:2901: $? = 0
configure:2919: result: yes
configure:2839: checking for strsep
configure:2895: gcc -o conftest    conftest.c  >&5
configure:2901: $? = 0
configure:2919: result: yes
configure:2839: checking for strtoq
configure:2895: gcc -o conftest    conftest.c  >&5
configure:2901: $? = 0
configure:2919: result: yes
configure:2839: checking for unsetenv
configure:2895: gcc -o conftest    conftest.c  >&5
configure:2901: $? = 0
configure:2919: result: yes
configure:2839: checking for vasprintf
configure:2895: gcc -o conftest    conftest.c  >&5
configure:2901: $? = 0
configure:2919: result: yes
configure:3019: checking how to run the C preprocessor
configure:3059: gcc -E  conftest.c
configure:3065: $? = 0
configure:3096: gcc -E  conftest.c
conftest.c:18:28: error: ac_nonexistent.h: No such file or directory
configure:3102: $? = 1
configure: failed program was:
| /* confdefs.h.  */
| #define PACKAGE_NAME ""
| #define PACKAGE_TARNAME ""
| #define PACKAGE_VERSION ""
| #define PACKAGE_STRING ""
| #define PACKAGE_BUGREPORT ""
| #define HAVE_ASPRINTF 1
| #define HAVE_GETLOADAVG 1
| #define HAVE_SETENV 1
| #define HAVE_STRCASESTR 1
| #define HAVE_STRNDUP 1
| #define HAVE_STRNLEN 1
| #define HAVE_STRSEP 1
| #define HAVE_STRTOQ 1
| #define HAVE_UNSETENV 1
| #define HAVE_VASPRINTF 1
| /* end confdefs.h.  */
| #include <ac_nonexistent.h>
configure:3135: result: gcc -E
configure:3164: gcc -E  conftest.c
configure:3170: $? = 0
configure:3201: gcc -E  conftest.c
conftest.c:18:28: error: ac_nonexistent.h: No such file or directory
configure:3207: $? = 1
configure: failed program was:
| /* confdefs.h.  */
| #define PACKAGE_NAME ""
| #define PACKAGE_TARNAME ""
| #define PACKAGE_VERSION ""
| #define PACKAGE_STRING ""
| #define PACKAGE_BUGREPORT ""
| #define HAVE_ASPRINTF 1
| #define HAVE_GETLOADAVG 1
| #define HAVE_SETENV 1
| #define HAVE_STRCASESTR 1
| #define HAVE_STRNDUP 1
| #define HAVE_STRNLEN 1
| #define HAVE_STRSEP 1
| #define HAVE_STRTOQ 1
| #define HAVE_UNSETENV 1
| #define HAVE_VASPRINTF 1
| /* end confdefs.h.  */
| #include <ac_nonexistent.h>
configure:3245: checking for grep that handles long lines and -e
configure:3319: result: /bin/grep
configure:3324: checking for egrep
configure:3402: result: /bin/grep -E
configure:3407: checking for ANSI C header files
configure:3437: gcc -c   conftest.c >&5
configure:3443: $? = 0
configure:3542: gcc -o conftest    conftest.c  >&5
configure:3545: $? = 0
configure:3551: ./conftest
configure:3554: $? = 0
configure:3571: result: yes
configure:3595: checking for sys/types.h
configure:3616: gcc -c   conftest.c >&5
configure:3622: $? = 0
configure:3638: result: yes
configure:3595: checking for sys/stat.h
configure:3616: gcc -c   conftest.c >&5
configure:3622: $? = 0
configure:3638: result: yes
configure:3595: checking for stdlib.h
configure:3616: gcc -c   conftest.c >&5
configure:3622: $? = 0
configure:3638: result: yes
configure:3595: checking for string.h
configure:3616: gcc -c   conftest.c >&5
configure:3622: $? = 0
configure:3638: result: yes
configure:3595: checking for memory.h
configure:3616: gcc -c   conftest.c >&5
configure:3622: $? = 0
configure:3638: result: yes
configure:3595: checking for strings.h
configure:3616: gcc -c   conftest.c >&5
configure:3622: $? = 0
configure:3638: result: yes
configure:3595: checking for inttypes.h
configure:3616: gcc -c   conftest.c >&5
configure:3622: $? = 0
configure:3638: result: yes
configure:3595: checking for stdint.h
configure:3616: gcc -c   conftest.c >&5
configure:3622: $? = 0
configure:3638: result: yes
configure:3595: checking for unistd.h
configure:3616: gcc -c   conftest.c >&5
configure:3622: $? = 0
configure:3638: result: yes
configure:3660: checking for newtBell in -lnewt
configure:3695: gcc -o conftest    conftest.c -lnewt    >&5
/usr/bin/ld: cannot find -lnewt
collect2: ld returned 1 exit status
configure:3701: $? = 1
configure: failed program was:
| /* confdefs.h.  */
| #define PACKAGE_NAME ""
| #define PACKAGE_TARNAME ""
| #define PACKAGE_VERSION ""
| #define PACKAGE_STRING ""
| #define PACKAGE_BUGREPORT ""
| #define HAVE_ASPRINTF 1
| #define HAVE_GETLOADAVG 1
| #define HAVE_SETENV 1
| #define HAVE_STRCASESTR 1
| #define HAVE_STRNDUP 1
| #define HAVE_STRNLEN 1
| #define HAVE_STRSEP 1
| #define HAVE_STRTOQ 1
| #define HAVE_UNSETENV 1
| #define HAVE_VASPRINTF 1
| #define STDC_HEADERS 1
| #define HAVE_SYS_TYPES_H 1
| #define HAVE_SYS_STAT_H 1
| #define HAVE_STDLIB_H 1
| #define HAVE_STRING_H 1
| #define HAVE_MEMORY_H 1
| #define HAVE_STRINGS_H 1
| #define HAVE_INTTYPES_H 1
| #define HAVE_STDINT_H 1
| #define HAVE_UNISTD_H 1
| /* end confdefs.h.  */
| 
| /* Override any GCC internal prototype to avoid an error.
|    Use char because int might match the return type of a GCC
|    builtin and then its argument prototype would still apply.  */
| #ifdef __cplusplus
| extern "C"
| #endif
| char newtBell ();
| int
| main ()
| {
| return newtBell ();
|   ;
|   return 0;
| }
configure:3719: result: no
configure:4055: checking for initscr in -lcurses
configure:4090: gcc -o conftest    conftest.c -lcurses    >&5
configure:4096: $? = 0
configure:4114: result: yes
configure:4278: checking curses.h usability
configure:4295: gcc -c   conftest.c >&5
configure:4301: $? = 0
configure:4315: result: yes
configure:4319: checking curses.h presence
configure:4334: gcc -E  conftest.c
configure:4340: $? = 0
configure:4354: result: yes
configure:4382: checking for curses.h
configure:4389: result: yes
configure:4450: checking for initscr in -lncurses
configure:4485: gcc -o conftest    conftest.c -lncurses    >&5
configure:4491: $? = 0
configure:4509: result: yes
configure:4664: checking for curses.h
configure:4669: result: yes
configure:4880: checking for pkg-config
configure:4896: found /usr/bin/pkg-config
configure:4907: result: pkg-config
configure:5053: creating ./config.status

## ---------------------- ##
## Running config.status. ##
## ---------------------- ##

This file was extended by config.status, which was
generated by GNU Autoconf 2.61.  Invocation command line was

  CONFIG_FILES    = 
  CONFIG_HEADERS  = 
  CONFIG_LINKS    = 
  CONFIG_COMMANDS = 
  $ ./config.status --quiet

on localhost.localdomain

config.status:616: creating makeopts
config.status:616: creating autoconfig.h
configure:6131: === configuring in mxml (/usr/src/ctsoft/menuselect/mxml)
configure:6234: running /bin/sh ./configure --silent '--prefix=/usr/local'  'CC=' 'LD=' 'AR=' 'CFLAGS=' --cache-file=/dev/null --srcdir=.
configure:6249: Menuselect build configuration successfully completed

## ---------------- ##
## Cache variables. ##
## ---------------- ##

ac_cv_build=x86_64-unknown-linux-gnu
ac_cv_c_compiler_gnu=yes
ac_cv_env_CC_set=set
ac_cv_env_CC_value=
ac_cv_env_CFLAGS_set=set
ac_cv_env_CFLAGS_value=
ac_cv_env_CPPFLAGS_set=
ac_cv_env_CPPFLAGS_value=
ac_cv_env_CPP_set=
ac_cv_env_CPP_value=
ac_cv_env_LDFLAGS_set=
ac_cv_env_LDFLAGS_value=
ac_cv_env_LIBS_set=
ac_cv_env_LIBS_value=
ac_cv_env_build_alias_set=
ac_cv_env_build_alias_value=
ac_cv_env_host_alias_set=
ac_cv_env_host_alias_value=
ac_cv_env_target_alias_set=
ac_cv_env_target_alias_value=
ac_cv_func_asprintf=yes
ac_cv_func_getloadavg=yes
ac_cv_func_setenv=yes
ac_cv_func_strcasestr=yes
ac_cv_func_strndup=yes
ac_cv_func_strnlen=yes
ac_cv_func_strsep=yes
ac_cv_func_strtoq=yes
ac_cv_func_unsetenv=yes
ac_cv_func_vasprintf=yes
ac_cv_header_curses_h=yes
ac_cv_header_inttypes_h=yes
ac_cv_header_memory_h=yes
ac_cv_header_stdc=yes
ac_cv_header_stdint_h=yes
ac_cv_header_stdlib_h=yes
ac_cv_header_string_h=yes
ac_cv_header_strings_h=yes
ac_cv_header_sys_stat_h=yes
ac_cv_header_sys_types_h=yes
ac_cv_header_unistd_h=yes
ac_cv_host=x86_64-unknown-linux-gnu
ac_cv_lib_curses_initscr=yes
ac_cv_lib_ncurses_initscr=yes
ac_cv_lib_newt_newtBell=no
ac_cv_objext=o
ac_cv_path_EGREP='/bin/grep -E'
ac_cv_path_GREP=/bin/grep
ac_cv_prog_CPP='gcc -E'
ac_cv_prog_ac_ct_CC=gcc
ac_cv_prog_ac_ct_PKGCONFIG=pkg-config
ac_cv_prog_cc_c89=
ac_cv_prog_cc_g=yes

## ----------------- ##
## Output variables. ##
## ----------------- ##

CC='gcc'
CFLAGS=''
CPP='gcc -E'
CPPFLAGS=''
CURSES_INCLUDE=''
CURSES_LIB='-lcurses '
DEFS='-DHAVE_CONFIG_H'
ECHO_C=''
ECHO_N='-n'
ECHO_T=''
EGREP='/bin/grep -E'
EXEEXT=''
GNU_MAKE='make'
GREP='/bin/grep'
GTK2_INCLUDE='-I/usr/include/gtk-2.0 -I/usr/lib64/gtk-2.0/include -I/usr/include/atk-1.0 -I/usr/include/cairo -I/usr/include/pango-1.0 -I/usr/include/glib-2.0 -I/usr/lib64/glib-2.0/include -I/usr/include/pixman-1 -I/usr/include/freetype2 -I/usr/include/libpng12  '
GTK2_LIB='-lgtk-x11-2.0 -lgdk-x11-2.0 -latk-1.0 -lgio-2.0 -lpangoft2-1.0 -lgdk_pixbuf-2.0 -lpangocairo-1.0 -lcairo -lpango-1.0 -lfreetype -lfontconfig -lgobject-2.0 -lgmodule-2.0 -lglib-2.0  '
HOST_OS='linux-gnu'
LDFLAGS=''
LIBOBJS=''
LIBS=''
LTLIBOBJS=''
MENUSELECT_DEBUG=''
NCURSES_INCLUDE=''
NCURSES_LIB='-lncurses '
NEWT_INCLUDE=''
NEWT_LIB=''
OBJEXT='o'
PACKAGE_BUGREPORT=''
PACKAGE_NAME=''
PACKAGE_STRING=''
PACKAGE_TARNAME=''
PACKAGE_VERSION=''
PATH_SEPARATOR=':'
PBX_CURSES='1'
PBX_GTK2='1'
PBX_NCURSES='1'
PBX_NEWT='0'
PKGCONFIG='pkg-config'
SHELL='/bin/sh'
ac_ct_CC='gcc'
bindir='${exec_prefix}/bin'
build='x86_64-unknown-linux-gnu'
build_alias=''
build_cpu='x86_64'
build_os='linux-gnu'
build_vendor='unknown'
datadir='${datarootdir}'
datarootdir='${prefix}/share'
docdir='${datarootdir}/doc/${PACKAGE}'
dvidir='${docdir}'
exec_prefix='${prefix}'
host='x86_64-unknown-linux-gnu'
host_alias=''
host_cpu='x86_64'
host_os='linux-gnu'
host_vendor='unknown'
htmldir='${docdir}'
includedir='${prefix}/include'
infodir='${datarootdir}/info'
libdir='${exec_prefix}/lib'
libexecdir='${exec_prefix}/libexec'
localedir='${datarootdir}/locale'
localstatedir='${prefix}/var'
mandir='${datarootdir}/man'
oldincludedir='/usr/include'
pdfdir='${docdir}'
prefix='/usr/local'
program_transform_name='s,x,x,'
psdir='${docdir}'
sbindir='${exec_prefix}/sbin'
sharedstatedir='${prefix}/com'
subdirs=' mxml'
sysconfdir='${prefix}/etc'
target_alias=''

## ----------- ##
## confdefs.h. ##
## ----------- ##

#define PACKAGE_NAME ""
#define PACKAGE_TARNAME ""
#define PACKAGE_VERSION ""
#define PACKAGE_STRING ""
#define PACKAGE_BUGREPORT ""
#define HAVE_ASPRINTF 1
#define HAVE_GETLOADAVG 1
#define HAVE_SETENV 1
#define HAVE_STRCASESTR 1
#define HAVE_STRNDUP 1
#define HAVE_STRNLEN 1
#define HAVE_STRSEP 1
#define HAVE_STRTOQ 1
#define HAVE_UNSETENV 1
#define HAVE_VASPRINTF 1
#define STDC_HEADERS 1
#define HAVE_SYS_TYPES_H 1
#define HAVE_SYS_STAT_H 1
#define HAVE_STDLIB_H 1
#define HAVE_STRING_H 1
#define HAVE_MEMORY_H 1
#define HAVE_STRINGS_H 1
#define HAVE_INTTYPES_H 1
#define HAVE_STDINT_H 1
#define HAVE_UNISTD_H 1
#define HAVE_CURSES 1
#define HAVE_NCURSES 1
#define HAVE_GTK2 1

configure: exit 0
