This file contains any messages produced by compilers while
running configure, to aid debugging if configure makes a mistake.

It was created by configure, which was
generated by GNU Autoconf 2.67.  Invocation command line was

  $ ./configure --with-dahdi=../linux

## --------- ##
## Platform. ##
## --------- ##

hostname = kicaw-desktop
uname -m = i686
uname -r = 2.6.32-21-generic
uname -s = Linux
uname -v = #32-Ubuntu SMP Fri Apr 16 08:10:02 UTC 2010

/usr/bin/uname -p = unknown
/bin/uname -X     = unknown

/bin/arch              = unknown
/usr/bin/arch -k       = unknown
/usr/convex/getsysinfo = unknown
/usr/bin/hostinfo      = unknown
/bin/machine           = unknown
/usr/bin/oslevel       = unknown
/bin/universe          = unknown

PATH: /usr/local/sbin
PATH: /usr/local/bin
PATH: /usr/sbin
PATH: /usr/bin
PATH: /sbin
PATH: /bin
PATH: /usr/games


## ----------- ##
## Core tests. ##
## ----------- ##

configure:2182: checking for gcc
configure:2198: found /usr/bin/gcc
configure:2209: result: gcc
configure:2438: checking for C compiler version
configure:2447: gcc --version >&5
gcc (Ubuntu 4.4.3-4ubuntu5) 4.4.3
Copyright (C) 2009 Free Software Foundation, Inc.
This is free software; see the source for copying conditions.  There is NO
warranty; not even for MERCHANTABILITY or FITNESS FOR A PARTICULAR PURPOSE.

configure:2458: $? = 0
configure:2447: gcc -v >&5
Using built-in specs.
Target: i486-linux-gnu
Configured with: ../src/configure -v --with-pkgversion='Ubuntu 4.4.3-4ubuntu5' --with-bugurl=file:///usr/share/doc/gcc-4.4/README.Bugs --enable-languages=c,c++,fortran,objc,obj-c++ --prefix=/usr --enable-shared --enable-multiarch --enable-linker-build-id --with-system-zlib --libexecdir=/usr/lib --without-included-gettext --enable-threads=posix --with-gxx-include-dir=/usr/include/c++/4.4 --program-suffix=-4.4 --enable-nls --enable-clocale=gnu --enable-libstdcxx-debug --enable-plugin --enable-objc-gc --enable-targets=all --disable-werror --with-arch-32=i486 --with-tune=generic --enable-checking=release --build=i486-linux-gnu --host=i486-linux-gnu --target=i486-linux-gnu
Thread model: posix
gcc version 4.4.3 (Ubuntu 4.4.3-4ubuntu5) 
configure:2458: $? = 0
configure:2447: gcc -V >&5
gcc: '-V' option must have argument
configure:2458: $? = 1
configure:2447: gcc -qversion >&5
gcc: unrecognized option '-qversion'
gcc: no input files
configure:2458: $? = 1
configure:2478: checking whether the C compiler works
configure:2500: gcc    conftest.c  >&5
configure:2504: $? = 0
configure:2552: result: yes
configure:2555: checking for C compiler default output file name
configure:2557: result: a.out
configure:2563: checking for suffix of executables
configure:2570: gcc -o conftest    conftest.c  >&5
configure:2574: $? = 0
configure:2596: result: 
configure:2618: checking whether we are cross compiling
configure:2626: gcc -o conftest    conftest.c  >&5
configure:2630: $? = 0
configure:2637: ./conftest
configure:2641: $? = 0
configure:2656: result: no
configure:2661: checking for suffix of object files
configure:2683: gcc -c   conftest.c >&5
configure:2687: $? = 0
configure:2708: result: o
configure:2712: checking whether we are using the GNU C compiler
configure:2731: gcc -c   conftest.c >&5
configure:2731: $? = 0
configure:2740: result: yes
configure:2749: checking whether gcc accepts -g
configure:2769: gcc -c -g  conftest.c >&5
configure:2769: $? = 0
configure:2810: result: yes
configure:2827: checking for gcc option to accept ISO C89
configure:2891: gcc  -c -g -O2  conftest.c >&5
configure:2891: $? = 0
configure:2904: result: none needed
configure:2930: checking how to run the C preprocessor
configure:2961: gcc -E  conftest.c
configure:2961: $? = 0
configure:2975: gcc -E  conftest.c
conftest.c:9:28: error: ac_nonexistent.h: No such file or directory
configure:2975: $? = 1
configure: failed program was:
| /* confdefs.h */
| #define PACKAGE_NAME ""
| #define PACKAGE_TARNAME ""
| #define PACKAGE_VERSION ""
| #define PACKAGE_STRING ""
| #define PACKAGE_BUGREPORT ""
| #define PACKAGE_URL ""
| /* end confdefs.h.  */
| #include <ac_nonexistent.h>
configure:3000: result: gcc -E
configure:3020: gcc -E  conftest.c
configure:3020: $? = 0
configure:3034: gcc -E  conftest.c
conftest.c:9:28: error: ac_nonexistent.h: No such file or directory
configure:3034: $? = 1
configure: failed program was:
| /* confdefs.h */
| #define PACKAGE_NAME ""
| #define PACKAGE_TARNAME ""
| #define PACKAGE_VERSION ""
| #define PACKAGE_STRING ""
| #define PACKAGE_BUGREPORT ""
| #define PACKAGE_URL ""
| /* end confdefs.h.  */
| #include <ac_nonexistent.h>
configure:3063: checking for grep that handles long lines and -e
configure:3121: result: /bin/grep
configure:3126: checking for egrep
configure:3188: result: /bin/grep -E
configure:3193: checking for ANSI C header files
configure:3213: gcc -c -g -O2  conftest.c >&5
configure:3213: $? = 0
configure:3286: gcc -o conftest -g -O2   conftest.c  >&5
configure:3286: $? = 0
configure:3286: ./conftest
configure:3286: $? = 0
configure:3297: result: yes
configure:3310: checking for sys/types.h
configure:3310: gcc -c -g -O2  conftest.c >&5
configure:3310: $? = 0
configure:3310: result: yes
configure:3310: checking for sys/stat.h
configure:3310: gcc -c -g -O2  conftest.c >&5
configure:3310: $? = 0
configure:3310: result: yes
configure:3310: checking for stdlib.h
configure:3310: gcc -c -g -O2  conftest.c >&5
configure:3310: $? = 0
configure:3310: result: yes
configure:3310: checking for string.h
configure:3310: gcc -c -g -O2  conftest.c >&5
configure:3310: $? = 0
configure:3310: result: yes
configure:3310: checking for memory.h
configure:3310: gcc -c -g -O2  conftest.c >&5
configure:3310: $? = 0
configure:3310: result: yes
configure:3310: checking for strings.h
configure:3310: gcc -c -g -O2  conftest.c >&5
configure:3310: $? = 0
configure:3310: result: yes
configure:3310: checking for inttypes.h
configure:3310: gcc -c -g -O2  conftest.c >&5
configure:3310: $? = 0
configure:3310: result: yes
configure:3310: checking for stdint.h
configure:3310: gcc -c -g -O2  conftest.c >&5
configure:3310: $? = 0
configure:3310: result: yes
configure:3310: checking for unistd.h
configure:3310: gcc -c -g -O2  conftest.c >&5
configure:3310: $? = 0
configure:3310: result: yes
configure:3323: checking minix/config.h usability
configure:3323: gcc -c -g -O2  conftest.c >&5
conftest.c:52:26: error: minix/config.h: No such file or directory
configure:3323: $? = 1
configure: failed program was:
| /* confdefs.h */
| #define PACKAGE_NAME ""
| #define PACKAGE_TARNAME ""
| #define PACKAGE_VERSION ""
| #define PACKAGE_STRING ""
| #define PACKAGE_BUGREPORT ""
| #define PACKAGE_URL ""
| #define STDC_HEADERS 1
| #define HAVE_SYS_TYPES_H 1
| #define HAVE_SYS_STAT_H 1
| #define HAVE_STDLIB_H 1
| #define HAVE_STRING_H 1
| #define HAVE_MEMORY_H 1
| #define HAVE_STRINGS_H 1
| #define HAVE_INTTYPES_H 1
| #define HAVE_STDINT_H 1
| #define HAVE_UNISTD_H 1
| /* end confdefs.h.  */
| #include <stdio.h>
| #ifdef HAVE_SYS_TYPES_H
| # include <sys/types.h>
| #endif
| #ifdef HAVE_SYS_STAT_H
| # include <sys/stat.h>
| #endif
| #ifdef STDC_HEADERS
| # include <stdlib.h>
| # include <stddef.h>
| #else
| # ifdef HAVE_STDLIB_H
| #  include <stdlib.h>
| # endif
| #endif
| #ifdef HAVE_STRING_H
| # if !defined STDC_HEADERS && defined HAVE_MEMORY_H
| #  include <memory.h>
| # endif
| # include <string.h>
| #endif
| #ifdef HAVE_STRINGS_H
| # include <strings.h>
| #endif
| #ifdef HAVE_INTTYPES_H
| # include <inttypes.h>
| #endif
| #ifdef HAVE_STDINT_H
| # include <stdint.h>
| #endif
| #ifdef HAVE_UNISTD_H
| # include <unistd.h>
| #endif
| #include <minix/config.h>
configure:3323: result: no
configure:3323: checking minix/config.h presence
configure:3323: gcc -E  conftest.c
conftest.c:19:26: error: minix/config.h: No such file or directory
configure:3323: $? = 1
configure: failed program was:
| /* confdefs.h */
| #define PACKAGE_NAME ""
| #define PACKAGE_TARNAME ""
| #define PACKAGE_VERSION ""
| #define PACKAGE_STRING ""
| #define PACKAGE_BUGREPORT ""
| #define PACKAGE_URL ""
| #define STDC_HEADERS 1
| #define HAVE_SYS_TYPES_H 1
| #define HAVE_SYS_STAT_H 1
| #define HAVE_STDLIB_H 1
| #define HAVE_STRING_H 1
| #define HAVE_MEMORY_H 1
| #define HAVE_STRINGS_H 1
| #define HAVE_INTTYPES_H 1
| #define HAVE_STDINT_H 1
| #define HAVE_UNISTD_H 1
| /* end confdefs.h.  */
| #include <minix/config.h>
configure:3323: result: no
configure:3323: checking for minix/config.h
configure:3323: result: no
configure:3344: checking whether it is safe to define __EXTENSIONS__
configure:3362: gcc -c -g -O2  conftest.c >&5
configure:3362: $? = 0
configure:3369: result: yes
configure:3388: checking sys/soundcard.h usability
configure:3388: gcc -c -g -O2  conftest.c >&5
configure:3388: $? = 0
configure:3388: result: yes
configure:3388: checking sys/soundcard.h presence
configure:3388: gcc -E  conftest.c
configure:3388: $? = 0
configure:3388: result: yes
configure:3388: checking for sys/soundcard.h
configure:3388: result: yes
configure:3388: checking linux/soundcard.h usability
configure:3388: gcc -c -g -O2  conftest.c >&5
configure:3388: $? = 0
configure:3388: result: yes
configure:3388: checking linux/soundcard.h presence
configure:3388: gcc -E  conftest.c
configure:3388: $? = 0
configure:3388: result: yes
configure:3388: checking for linux/soundcard.h
configure:3388: result: yes
configure:3442: checking for ld
configure:3458: found /usr/bin/ld
configure:3469: result: ld
configure:3541: checking for gcc
configure:3568: result: gcc
configure:3797: checking for C compiler version
configure:3806: gcc --version >&5
gcc (Ubuntu 4.4.3-4ubuntu5) 4.4.3
Copyright (C) 2009 Free Software Foundation, Inc.
This is free software; see the source for copying conditions.  There is NO
warranty; not even for MERCHANTABILITY or FITNESS FOR A PARTICULAR PURPOSE.

configure:3817: $? = 0
configure:3806: gcc -v >&5
Using built-in specs.
Target: i486-linux-gnu
Configured with: ../src/configure -v --with-pkgversion='Ubuntu 4.4.3-4ubuntu5' --with-bugurl=file:///usr/share/doc/gcc-4.4/README.Bugs --enable-languages=c,c++,fortran,objc,obj-c++ --prefix=/usr --enable-shared --enable-multiarch --enable-linker-build-id --with-system-zlib --libexecdir=/usr/lib --without-included-gettext --enable-threads=posix --with-gxx-include-dir=/usr/include/c++/4.4 --program-suffix=-4.4 --enable-nls --enable-clocale=gnu --enable-libstdcxx-debug --enable-plugin --enable-objc-gc --enable-targets=all --disable-werror --with-arch-32=i486 --with-tune=generic --enable-checking=release --build=i486-linux-gnu --host=i486-linux-gnu --target=i486-linux-gnu
Thread model: posix
gcc version 4.4.3 (Ubuntu 4.4.3-4ubuntu5) 
configure:3817: $? = 0
configure:3806: gcc -V >&5
gcc: '-V' option must have argument
configure:3817: $? = 1
configure:3806: gcc -qversion >&5
gcc: unrecognized option '-qversion'
gcc: no input files
configure:3817: $? = 1
configure:3821: checking whether we are using the GNU C compiler
configure:3849: result: yes
configure:3858: checking whether gcc accepts -g
configure:3919: result: yes
configure:3936: checking for gcc option to accept ISO C89
configure:4013: result: none needed
configure:4038: checking how to run the C preprocessor
configure:4108: result: gcc -E
configure:4128: gcc -E  conftest.c
configure:4128: $? = 0
configure:4142: gcc -E  conftest.c
conftest.c:26:28: error: ac_nonexistent.h: No such file or directory
configure:4142: $? = 1
configure: failed program was:
| /* confdefs.h */
| #define PACKAGE_NAME ""
| #define PACKAGE_TARNAME ""
| #define PACKAGE_VERSION ""
| #define PACKAGE_STRING ""
| #define PACKAGE_BUGREPORT ""
| #define PACKAGE_URL ""
| #define STDC_HEADERS 1
| #define HAVE_SYS_TYPES_H 1
| #define HAVE_SYS_STAT_H 1
| #define HAVE_STDLIB_H 1
| #define HAVE_STRING_H 1
| #define HAVE_MEMORY_H 1
| #define HAVE_STRINGS_H 1
| #define HAVE_INTTYPES_H 1
| #define HAVE_STDINT_H 1
| #define HAVE_UNISTD_H 1
| #define __EXTENSIONS__ 1
| #define _ALL_SOURCE 1
| #define _GNU_SOURCE 1
| #define _POSIX_PTHREAD_SEMANTICS 1
| #define _TANDEM_SOURCE 1
| #define HAVE_SYS_SOUNDCARD_H 1
| #define HAVE_LINUX_SOUNDCARD_H 1
| /* end confdefs.h.  */
| #include <ac_nonexistent.h>
configure:4213: checking for a BSD-compatible install
configure:4281: result: /usr/bin/install -c
configure:4292: checking whether ln -s works
configure:4296: result: yes
configure:4303: checking for GNU make
configure:4322: result: make
configure:4333: gcc -c -g -O2  conftest.c >&5
gcc: conftest.c: No such file or directory
gcc: no input files
configure:4333: $? = 1
configure: failed program was:
configure:4349: checking for grep
configure:4380: result: /bin/grep
configure:4390: checking for sh
configure:4421: result: /bin/bash
configure:4431: checking for ln
configure:4449: found /bin/ln
configure:4462: result: /bin/ln
configure:4473: checking for wget
configure:4491: found /usr/bin/wget
configure:4504: result: /usr/bin/wget
configure:4578: checking for -Wdeclaration-after-statement support
configure:4581: result: yes
configure:4678: checking for DAHDI_CODE in dahdi/user.h
configure:4703: gcc -c -g -O2  -I../linux/include conftest.c >&5
configure:4703: $? = 0
configure:4704: result: yes
configure:4727: checking for DAHDI_CONFIG_NTTE in dahdi/user.h
configure:4752: gcc -c -g -O2  -I../linux/include conftest.c >&5
configure:4752: $? = 0
configure:4753: result: yes
configure:4789: checking for newtBell in -lnewt
configure:4814: gcc -o conftest -g -O2   conftest.c -lnewt    >&5
/usr/bin/ld: cannot find -lnewt
collect2: ld returned 1 exit status
configure:4814: $? = 1
configure: failed program was:
| /* confdefs.h */
| #define PACKAGE_NAME ""
| #define PACKAGE_TARNAME ""
| #define PACKAGE_VERSION ""
| #define PACKAGE_STRING ""
| #define PACKAGE_BUGREPORT ""
| #define PACKAGE_URL ""
| #define STDC_HEADERS 1
| #define HAVE_SYS_TYPES_H 1
| #define HAVE_SYS_STAT_H 1
| #define HAVE_STDLIB_H 1
| #define HAVE_STRING_H 1
| #define HAVE_MEMORY_H 1
| #define HAVE_STRINGS_H 1
| #define HAVE_INTTYPES_H 1
| #define HAVE_STDINT_H 1
| #define HAVE_UNISTD_H 1
| #define __EXTENSIONS__ 1
| #define _ALL_SOURCE 1
| #define _GNU_SOURCE 1
| #define _POSIX_PTHREAD_SEMANTICS 1
| #define _TANDEM_SOURCE 1
| #define HAVE_SYS_SOUNDCARD_H 1
| #define HAVE_LINUX_SOUNDCARD_H 1
| #define HAVE_DAHDI 1
| #define HAVE_DAHDI_VERSION /**/
| #define HAVE_DAHDI23 1
| #define HAVE_DAHDI23_VERSION /**/
| /* end confdefs.h.  */
| 
| /* Override any GCC internal prototype to avoid an error.
|    Use char because int might match the return type of a GCC
|    builtin and then its argument prototype would still apply.  */
| #ifdef __cplusplus
| extern "C"
| #endif
| char newtBell ();
| int
| main ()
| {
| return newtBell ();
|   ;
|   return 0;
| }
configure:4824: result: no
configure:4896: checking for usb_init in -lusb
configure:4921: gcc -o conftest -g -O2   conftest.c -lusb    >&5
/usr/bin/ld: cannot find -lusb
collect2: ld returned 1 exit status
configure:4921: $? = 1
configure: failed program was:
| /* confdefs.h */
| #define PACKAGE_NAME ""
| #define PACKAGE_TARNAME ""
| #define PACKAGE_VERSION ""
| #define PACKAGE_STRING ""
| #define PACKAGE_BUGREPORT ""
| #define PACKAGE_URL ""
| #define STDC_HEADERS 1
| #define HAVE_SYS_TYPES_H 1
| #define HAVE_SYS_STAT_H 1
| #define HAVE_STDLIB_H 1
| #define HAVE_STRING_H 1
| #define HAVE_MEMORY_H 1
| #define HAVE_STRINGS_H 1
| #define HAVE_INTTYPES_H 1
| #define HAVE_STDINT_H 1
| #define HAVE_UNISTD_H 1
| #define __EXTENSIONS__ 1
| #define _ALL_SOURCE 1
| #define _GNU_SOURCE 1
| #define _POSIX_PTHREAD_SEMANTICS 1
| #define _TANDEM_SOURCE 1
| #define HAVE_SYS_SOUNDCARD_H 1
| #define HAVE_LINUX_SOUNDCARD_H 1
| #define HAVE_DAHDI 1
| #define HAVE_DAHDI_VERSION /**/
| #define HAVE_DAHDI23 1
| #define HAVE_DAHDI23_VERSION /**/
| /* end confdefs.h.  */
| 
| /* Override any GCC internal prototype to avoid an error.
|    Use char because int might match the return type of a GCC
|    builtin and then its argument prototype would still apply.  */
| #ifdef __cplusplus
| extern "C"
| #endif
| char usb_init ();
| int
| main ()
| {
| return usb_init ();
|   ;
|   return 0;
| }
configure:4931: result: no
configure:4990: checking for semtimedop
configure:4990: gcc -o conftest -g -O2   conftest.c  >&5
configure:4990: $? = 0
configure:4990: result: yes
configure:5001: checking for GENERIC_HDLC_VERSION version 4 in linux/hdlc.h
configure:5019: gcc -c -g -O2  conftest.c >&5
conftest.c: In function 'main':
conftest.c:38: error: 'bar' undeclared (first use in this function)
conftest.c:38: error: (Each undeclared identifier is reported only once
conftest.c:38: error: for each function it appears in.)
configure:5019: $? = 1
configure: failed program was:
| /* confdefs.h */
| #define PACKAGE_NAME ""
| #define PACKAGE_TARNAME ""
| #define PACKAGE_VERSION ""
| #define PACKAGE_STRING ""
| #define PACKAGE_BUGREPORT ""
| #define PACKAGE_URL ""
| #define STDC_HEADERS 1
| #define HAVE_SYS_TYPES_H 1
| #define HAVE_SYS_STAT_H 1
| #define HAVE_STDLIB_H 1
| #define HAVE_STRING_H 1
| #define HAVE_MEMORY_H 1
| #define HAVE_STRINGS_H 1
| #define HAVE_INTTYPES_H 1
| #define HAVE_STDINT_H 1
| #define HAVE_UNISTD_H 1
| #define __EXTENSIONS__ 1
| #define _ALL_SOURCE 1
| #define _GNU_SOURCE 1
| #define _POSIX_PTHREAD_SEMANTICS 1
| #define _TANDEM_SOURCE 1
| #define HAVE_SYS_SOUNDCARD_H 1
| #define HAVE_LINUX_SOUNDCARD_H 1
| #define HAVE_DAHDI 1
| #define HAVE_DAHDI_VERSION /**/
| #define HAVE_DAHDI23 1
| #define HAVE_DAHDI23_VERSION /**/
| #define HAVE_SEMTIMEDOP 1
| /* end confdefs.h.  */
|  #include <linux/hdlc.h>
| int
| main ()
| {
| #if defined(GENERIC_HDLC_VERSION) && GENERIC_HDLC_VERSION >= 4
| 		int foo = 0;
| 		#else
| 		int foo = bar;
| 		#endif
| 		0
|   ;
|   return 0;
| }
configure:5024: result: no
configure:5030: checking for GENERIC_HDLC_VERSION version 4 in linux/hdlc/ioctl.h
configure:5050: gcc -c -g -O2  conftest.c >&5
configure:5050: $? = 0
configure:5051: result: yes
configure:5261: creating ./config.status

## ---------------------- ##
## Running config.status. ##
## ---------------------- ##

This file was extended by config.status, which was
generated by GNU Autoconf 2.67.  Invocation command line was

  CONFIG_FILES    = 
  CONFIG_HEADERS  = 
  CONFIG_LINKS    = 
  CONFIG_COMMANDS = 
  $ ./config.status 

on kicaw-desktop

config.status:852: creating build_tools/menuselect-deps
config.status:852: creating makeopts
config.status:852: creating autoconfig.h
configure:6435: *** dahdi-tools build successfully configured ***

## ---------------- ##
## Cache variables. ##
## ---------------- ##

ac_cv_GNU_MAKE=make
ac_cv_GNU_MAKE_VERSION_MAJOR=3
ac_cv_GNU_MAKE_VERSION_MINOR=81
ac_cv_c_compiler_gnu=yes
ac_cv_env_CC_set=
ac_cv_env_CC_value=
ac_cv_env_CFLAGS_set=
ac_cv_env_CFLAGS_value=
ac_cv_env_CPPFLAGS_set=
ac_cv_env_CPPFLAGS_value=
ac_cv_env_CPP_set=
ac_cv_env_CPP_value=
ac_cv_env_LDFLAGS_set=
ac_cv_env_LDFLAGS_value=
ac_cv_env_LIBS_set=
ac_cv_env_LIBS_value=
ac_cv_env_build_alias_set=
ac_cv_env_build_alias_value=
ac_cv_env_host_alias_set=
ac_cv_env_host_alias_value=
ac_cv_env_target_alias_set=
ac_cv_env_target_alias_value=
ac_cv_func_semtimedop=yes
ac_cv_header_inttypes_h=yes
ac_cv_header_linux_soundcard_h=yes
ac_cv_header_memory_h=yes
ac_cv_header_minix_config_h=no
ac_cv_header_stdc=yes
ac_cv_header_stdint_h=yes
ac_cv_header_stdlib_h=yes
ac_cv_header_string_h=yes
ac_cv_header_strings_h=yes
ac_cv_header_sys_soundcard_h=yes
ac_cv_header_sys_stat_h=yes
ac_cv_header_sys_types_h=yes
ac_cv_header_unistd_h=yes
ac_cv_lib_newt_newtBell=no
ac_cv_lib_usb_usb_init=no
ac_cv_objext=o
ac_cv_path_EGREP='/bin/grep -E'
ac_cv_path_GREP=/bin/grep
ac_cv_path_LN=/bin/ln
ac_cv_path_SHELL=/bin/bash
ac_cv_path_WGET=/usr/bin/wget
ac_cv_path_install='/usr/bin/install -c'
ac_cv_prog_CPP='gcc -E'
ac_cv_prog_ac_ct_CC=gcc
ac_cv_prog_ac_ct_LD=ld
ac_cv_prog_cc_c89=
ac_cv_prog_cc_g=yes
ac_cv_safe_to_define___extensions__=yes

## ----------------- ##
## Output variables. ##
## ----------------- ##

ASCIIDOC='asciidoc'
BDFARCH=''
BDFNAME=''
CC='gcc'
CFLAGS='-g -O2'
CPP='gcc -E'
CPPFLAGS=''
DAHDI_DECLARATION_AFTER_STATEMENT='-Wdeclaration-after-statement'
DAHDI_DEVMODE=''
DAHDI_DIR='../linux'
DAHDI_INCLUDE='-I../linux/include'
DAHDI_LIB=''
DEFS='-DHAVE_CONFIG_H'
DOWNLOAD='/usr/bin/wget'
ECHO_C=''
ECHO_N='-n'
ECHO_T=''
EGREP='/bin/grep -E'
EXEEXT=''
FETCH=''
GNU_MAKE='make'
GREP='/bin/grep'
HOSTCC='gcc'
INSTALL_DATA='${INSTALL} -m 644'
INSTALL_PROGRAM='${INSTALL}'
INSTALL_SCRIPT='${INSTALL}'
LD='ld'
LDFLAGS=''
LIBOBJS=''
LIBS=''
LN='/bin/ln'
LN_S='ln -s'
LTLIBOBJS=''
NEWT_DIR=''
NEWT_INCLUDE=''
NEWT_LIB=''
OBJEXT='o'
PACKAGE_BUGREPORT=''
PACKAGE_NAME=''
PACKAGE_STRING=''
PACKAGE_TARNAME=''
PACKAGE_URL=''
PACKAGE_VERSION=''
PATH_SEPARATOR=':'
PBX_DAHDI23='1'
PBX_DAHDI='1'
PBX_HDLC='1'
PBX_NEWT='0'
PBX_USB='0'
PPPD_VERSION=''
SHELL='/bin/bash'
USB_DIR=''
USB_INCLUDE=''
USB_LIB=''
USE_SELINUX='no'
WGET='/usr/bin/wget'
ac_ct_CC='gcc'
bindir='${exec_prefix}/bin'
build_alias=''
datadir='${datarootdir}'
datarootdir='${prefix}/share'
docdir='${datarootdir}/doc/${PACKAGE}'
dvidir='${docdir}'
exec_prefix='${prefix}'
host_alias=''
htmldir='${docdir}'
includedir='${prefix}/include'
infodir='${datarootdir}/info'
libdir='${exec_prefix}/lib'
libexecdir='${exec_prefix}/libexec'
localedir='${datarootdir}/locale'
localstatedir='/var'
mandir='${datarootdir}/man'
oldincludedir='/usr/include'
pdfdir='${docdir}'
prefix='/usr'
program_transform_name='s,x,x,'
psdir='${docdir}'
sbindir='${exec_prefix}/sbin'
sharedstatedir='${prefix}/com'
sysconfdir='/etc'
target_alias=''

## ----------- ##
## confdefs.h. ##
## ----------- ##

/* confdefs.h */
#define PACKAGE_NAME ""
#define PACKAGE_TARNAME ""
#define PACKAGE_VERSION ""
#define PACKAGE_STRING ""
#define PACKAGE_BUGREPORT ""
#define PACKAGE_URL ""
#define STDC_HEADERS 1
#define HAVE_SYS_TYPES_H 1
#define HAVE_SYS_STAT_H 1
#define HAVE_STDLIB_H 1
#define HAVE_STRING_H 1
#define HAVE_MEMORY_H 1
#define HAVE_STRINGS_H 1
#define HAVE_INTTYPES_H 1
#define HAVE_STDINT_H 1
#define HAVE_UNISTD_H 1
#define __EXTENSIONS__ 1
#define _ALL_SOURCE 1
#define _GNU_SOURCE 1
#define _POSIX_PTHREAD_SEMANTICS 1
#define _TANDEM_SOURCE 1
#define HAVE_SYS_SOUNDCARD_H 1
#define HAVE_LINUX_SOUNDCARD_H 1
#define HAVE_DAHDI 1
#define HAVE_DAHDI_VERSION /**/
#define HAVE_DAHDI23 1
#define HAVE_DAHDI23_VERSION /**/
#define HAVE_SEMTIMEDOP 1

configure: exit 0
